<?xml version="1.0" encoding="UTF-8"?>
<!-- Generated by org.testng.reporters.JUnitReportReporter -->
<testsuite hostname="ULTP_498" name="com.autoiq.tests.login.TestDemoDataProvider" tests="2" failures="0" timestamp="25 May 2017 08:43:51 GMT" time="0.010" errors="0">
  <testcase name="login" time="0.009" classname="com.autoiq.tests.login.TestDemoDataProvider"/>
  <testcase name="login" time="0.001" classname="com.autoiq.tests.login.TestDemoDataProvider"/>
</testsuite> <!-- com.autoiq.tests.login.TestDemoDataProvider -->
