<?xml version="1.0" encoding="UTF-8"?>
<!-- Generated by org.testng.reporters.JUnitReportReporter -->
<testsuite hostname="ULTP_498" name="definitions.TestDefinitionWizardPageNew2" tests="1" failures="0" timestamp="4 May 2017 06:36:32 GMT" time="13.306" errors="0">
  <testcase name="verifyAddContainerUsingMouseDrag" time="13.306" classname="definitions.TestDefinitionWizardPageNew2"/>
</testsuite> <!-- definitions.TestDefinitionWizardPageNew2 -->
