<?xml version="1.0" encoding="UTF-8"?>
<!-- Generated by org.testng.reporters.JUnitReportReporter -->
<testsuite hostname="ULTP_498" name="definitions.TestDefinitionWizardPageNew1" tests="9" failures="0" timestamp="27 Apr 2017 05:51:18 GMT" time="36.561" errors="0">
  <testcase name="verifyActivePageBreadcrumbOnProcessDefinitionWizard" time="2.816" classname="definitions.TestDefinitionWizardPageNew1"/>
  <testcase name="verifyUniqueProcessDefinitionNameVerification" time="7.660" classname="definitions.TestDefinitionWizardPageNew1"/>
  <testcase name="verifyCloseDefinitionWithoutSaveDraft" time="2.885" classname="definitions.TestDefinitionWizardPageNew1"/>
  <testcase name="verifyCreateDefinitionWithDefinitionNameAndDescription" time="5.923" classname="definitions.TestDefinitionWizardPageNew1"/>
  <testcase name="verifyBlankProcessDefinitionNameVerification" time="2.470" classname="definitions.TestDefinitionWizardPageNew1"/>
  <testcase name="verifyCloseDefinitionWithSaveDraft" time="4.693" classname="definitions.TestDefinitionWizardPageNew1"/>
  <testcase name="verifyCreateDefinitionWithDefinitionNameOnly" time="5.721" classname="definitions.TestDefinitionWizardPageNew1"/>
  <testcase name="verifyProcessDefinitionNameWithSpaceVerification" time="2.704" classname="definitions.TestDefinitionWizardPageNew1"/>
  <testcase name="verifyDefaultValuesInCreateDefinitionPage1" time="1.689" classname="definitions.TestDefinitionWizardPageNew1"/>
</testsuite> <!-- definitions.TestDefinitionWizardPageNew1 -->
