<?xml version="1.0" encoding="UTF-8"?>
<!-- Generated by org.testng.reporters.JUnitReportReporter -->
<testsuite hostname="ULTP_498" name="com.autoiq.tests.login.Demo" tests="1" failures="0" timestamp="20 Apr 2017 13:17:19 GMT" time="0.014" errors="0">
  <testcase name="f" time="0.014" classname="com.autoiq.tests.login.Demo"/>
</testsuite> <!-- com.autoiq.tests.login.Demo -->
